{
  "/Users/georgigeorgiev/Desktop/personal-development/src/entities/index.ts": {
    "path": "/Users/georgigeorgiev/Desktop/personal-development/src/entities/index.ts",
    "statementMap": {},
    "fnMap": {},
    "branchMap": {},
    "s": {},
    "f": {},
    "b": {},
    "meta": {
      "lastBranch": 0,
      "lastFunction": 0,
      "lastStatement": 0,
      "seen": {},
      "fnNames": {}
    }
  },
  "/Users/georgigeorgiev/Desktop/personal-development/src/entities/user/index.ts": {
    "path": "/Users/georgigeorgiev/Desktop/personal-development/src/entities/user/index.ts",
    "statementMap": {},
    "fnMap": {},
    "branchMap": {},
    "s": {},
    "f": {},
    "b": {},
    "meta": {
      "lastBranch": 0,
      "lastFunction": 0,
      "lastStatement": 0,
      "seen": {},
      "fnNames": {}
    }
  },
  "/Users/georgigeorgiev/Desktop/personal-development/src/entities/user/userService.ts": {
    "path": "/Users/georgigeorgiev/Desktop/personal-development/src/entities/user/userService.ts",
    "statementMap": {
      "0": {
        "start": { "line": 26, "column": 4 },
        "end": { "line": 26, "column": null }
      },
      "1": {
        "start": { "line": 24, "column": 20 },
        "end": { "line": 24, "column": null }
      },
      "2": {
        "start": { "line": 27, "column": 4 },
        "end": { "line": 27, "column": null }
      },
      "3": {
        "start": { "line": 31, "column": 33 },
        "end": { "line": 55, "column": null }
      },
      "4": {
        "start": { "line": 36, "column": 2 },
        "end": { "line": 54, "column": null }
      },
      "5": {
        "start": { "line": 37, "column": 10 },
        "end": { "line": 37, "column": null }
      },
      "6": {
        "start": { "line": 38, "column": 4 },
        "end": { "line": 47, "column": null }
      },
      "7": {
        "start": { "line": 49, "column": 4 },
        "end": { "line": 49, "column": null }
      },
      "8": {
        "start": { "line": 50, "column": 4 },
        "end": { "line": 53, "column": null }
      },
      "9": {
        "start": { "line": 57, "column": 30 },
        "end": { "line": 80, "column": null }
      },
      "10": {
        "start": { "line": 60, "column": 2 },
        "end": { "line": 79, "column": null }
      },
      "11": {
        "start": { "line": 61, "column": 10 },
        "end": { "line": 61, "column": null }
      },
      "12": {
        "start": { "line": 62, "column": 21 },
        "end": { "line": 62, "column": null }
      },
      "13": {
        "start": { "line": 64, "column": 4 },
        "end": { "line": 71, "column": null }
      },
      "14": {
        "start": { "line": 65, "column": 19 },
        "end": { "line": 65, "column": null }
      },
      "15": {
        "start": { "line": 66, "column": 6 },
        "end": { "line": 70, "column": null }
      },
      "16": {
        "start": { "line": 72, "column": 4 },
        "end": { "line": 72, "column": null }
      },
      "17": {
        "start": { "line": 74, "column": 4 },
        "end": { "line": 74, "column": null }
      },
      "18": {
        "start": { "line": 75, "column": 4 },
        "end": { "line": 78, "column": null }
      },
      "19": {
        "start": { "line": 82, "column": 33 },
        "end": { "line": 96, "column": null }
      },
      "20": {
        "start": { "line": 86, "column": 2 },
        "end": { "line": 95, "column": null }
      },
      "21": {
        "start": { "line": 87, "column": 10 },
        "end": { "line": 87, "column": null }
      },
      "22": {
        "start": { "line": 88, "column": 4 },
        "end": { "line": 88, "column": null }
      },
      "23": {
        "start": { "line": 90, "column": 4 },
        "end": { "line": 90, "column": null }
      },
      "24": {
        "start": { "line": 91, "column": 4 },
        "end": { "line": 94, "column": null }
      },
      "25": {
        "start": { "line": 98, "column": 31 },
        "end": { "line": 111, "column": null }
      },
      "26": {
        "start": { "line": 99, "column": 2 },
        "end": { "line": 110, "column": null }
      },
      "27": {
        "start": { "line": 100, "column": 10 },
        "end": { "line": 100, "column": null }
      },
      "28": {
        "start": { "line": 101, "column": 4 },
        "end": { "line": 103, "column": null }
      },
      "29": {
        "start": { "line": 105, "column": 4 },
        "end": { "line": 105, "column": null }
      },
      "30": {
        "start": { "line": 106, "column": 4 },
        "end": { "line": 109, "column": null }
      }
    },
    "fnMap": {
      "0": {
        "name": "constructor",
        "decl": {
          "start": { "line": 22, "column": 2 },
          "end": { "line": 22, "column": null }
        },
        "loc": {
          "start": { "line": 25, "column": 4 },
          "end": { "line": 28, "column": null }
        },
        "line": 25
      },
      "1": {
        "name": "(anonymous_1)",
        "decl": {
          "start": { "line": 31, "column": 33 },
          "end": { "line": 31, "column": null }
        },
        "loc": {
          "start": { "line": 35, "column": 20 },
          "end": { "line": 55, "column": null }
        },
        "line": 35
      },
      "2": {
        "name": "(anonymous_2)",
        "decl": {
          "start": { "line": 57, "column": 30 },
          "end": { "line": 57, "column": null }
        },
        "loc": {
          "start": { "line": 59, "column": 34 },
          "end": { "line": 80, "column": null }
        },
        "line": 59
      },
      "3": {
        "name": "(anonymous_3)",
        "decl": {
          "start": { "line": 82, "column": 33 },
          "end": { "line": 82, "column": null }
        },
        "loc": {
          "start": { "line": 85, "column": 20 },
          "end": { "line": 96, "column": null }
        },
        "line": 85
      },
      "4": {
        "name": "(anonymous_4)",
        "decl": {
          "start": { "line": 98, "column": 31 },
          "end": { "line": 98, "column": 38 }
        },
        "loc": {
          "start": { "line": 98, "column": 69 },
          "end": { "line": 111, "column": null }
        },
        "line": 98
      }
    },
    "branchMap": {
      "0": {
        "loc": {
          "start": { "line": 64, "column": 4 },
          "end": { "line": 71, "column": null }
        },
        "type": "if",
        "locations": [
          {
            "start": { "line": 64, "column": 4 },
            "end": { "line": 71, "column": null }
          },
          { "start": {}, "end": {} }
        ],
        "line": 64
      },
      "1": {
        "loc": {
          "start": { "line": 68, "column": 19 },
          "end": { "line": 68, "column": null }
        },
        "type": "binary-expr",
        "locations": [
          {
            "start": { "line": 68, "column": 19 },
            "end": { "line": 68, "column": 47 }
          },
          {
            "start": { "line": 68, "column": 47 },
            "end": { "line": 68, "column": null }
          }
        ],
        "line": 68
      },
      "2": {
        "loc": {
          "start": { "line": 69, "column": 19 },
          "end": { "line": 69, "column": null }
        },
        "type": "binary-expr",
        "locations": [
          {
            "start": { "line": 69, "column": 19 },
            "end": { "line": 69, "column": 47 }
          },
          {
            "start": { "line": 69, "column": 47 },
            "end": { "line": 69, "column": null }
          }
        ],
        "line": 69
      }
    },
    "s": {
      "0": 5,
      "1": 5,
      "2": 5,
      "3": 1,
      "4": 2,
      "5": 2,
      "6": 2,
      "7": 1,
      "8": 1,
      "9": 1,
      "10": 4,
      "11": 4,
      "12": 4,
      "13": 3,
      "14": 2,
      "15": 2,
      "16": 1,
      "17": 1,
      "18": 1,
      "19": 1,
      "20": 2,
      "21": 2,
      "22": 2,
      "23": 1,
      "24": 1,
      "25": 1,
      "26": 2,
      "27": 2,
      "28": 2,
      "29": 1,
      "30": 1
    },
    "f": { "0": 5, "1": 2, "2": 4, "3": 2, "4": 2 },
    "b": { "0": [2, 1], "1": [2, 1], "2": [2, 1] },
    "meta": {
      "lastBranch": 3,
      "lastFunction": 5,
      "lastStatement": 31,
      "seen": {
        "f:22:2:22:Infinity": 0,
        "s:26:4:26:Infinity": 0,
        "s:24:20:24:Infinity": 1,
        "s:27:4:27:Infinity": 2,
        "s:31:33:55:Infinity": 3,
        "f:31:33:31:Infinity": 1,
        "s:36:2:54:Infinity": 4,
        "s:37:10:37:Infinity": 5,
        "s:38:4:47:Infinity": 6,
        "s:49:4:49:Infinity": 7,
        "s:50:4:53:Infinity": 8,
        "s:57:30:80:Infinity": 9,
        "f:57:30:57:Infinity": 2,
        "s:60:2:79:Infinity": 10,
        "s:61:10:61:Infinity": 11,
        "s:62:21:62:Infinity": 12,
        "b:64:4:71:Infinity:undefined:undefined:undefined:undefined": 0,
        "s:64:4:71:Infinity": 13,
        "s:65:19:65:Infinity": 14,
        "s:66:6:70:Infinity": 15,
        "b:68:19:68:47:68:47:68:Infinity": 1,
        "b:69:19:69:47:69:47:69:Infinity": 2,
        "s:72:4:72:Infinity": 16,
        "s:74:4:74:Infinity": 17,
        "s:75:4:78:Infinity": 18,
        "s:82:33:96:Infinity": 19,
        "f:82:33:82:Infinity": 3,
        "s:86:2:95:Infinity": 20,
        "s:87:10:87:Infinity": 21,
        "s:88:4:88:Infinity": 22,
        "s:90:4:90:Infinity": 23,
        "s:91:4:94:Infinity": 24,
        "s:98:31:111:Infinity": 25,
        "f:98:31:98:38": 4,
        "s:99:2:110:Infinity": 26,
        "s:100:10:100:Infinity": 27,
        "s:101:4:103:Infinity": 28,
        "s:105:4:105:Infinity": 29,
        "s:106:4:109:Infinity": 30
      },
      "fnNames": {}
    }
  },
  "/Users/georgigeorgiev/Desktop/personal-development/src/shared/utils/authErrors.ts": {
    "path": "/Users/georgigeorgiev/Desktop/personal-development/src/shared/utils/authErrors.ts",
    "statementMap": {
      "0": {
        "start": { "line": 1, "column": 52 },
        "end": { "line": 11, "column": null }
      },
      "1": {
        "start": { "line": 14, "column": 2 },
        "end": { "line": 19, "column": null }
      },
      "2": {
        "start": { "line": 15, "column": 18 },
        "end": { "line": 15, "column": null }
      },
      "3": {
        "start": { "line": 16, "column": 4 },
        "end": { "line": 18, "column": null }
      },
      "4": {
        "start": { "line": 17, "column": 6 },
        "end": { "line": 17, "column": null }
      },
      "5": {
        "start": { "line": 20, "column": 2 },
        "end": { "line": 22, "column": null }
      },
      "6": {
        "start": { "line": 21, "column": 4 },
        "end": { "line": 21, "column": null }
      },
      "7": {
        "start": { "line": 23, "column": 2 },
        "end": { "line": 23, "column": null }
      }
    },
    "fnMap": {
      "0": {
        "name": "getAuthErrorMessage",
        "decl": {
          "start": { "line": 13, "column": 16 },
          "end": { "line": 13, "column": 36 }
        },
        "loc": {
          "start": { "line": 13, "column": 58 },
          "end": { "line": 24, "column": null }
        },
        "line": 13
      }
    },
    "branchMap": {
      "0": {
        "loc": {
          "start": { "line": 14, "column": 2 },
          "end": { "line": 19, "column": null }
        },
        "type": "if",
        "locations": [
          {
            "start": { "line": 14, "column": 2 },
            "end": { "line": 19, "column": null }
          },
          { "start": {}, "end": {} }
        ],
        "line": 14
      },
      "1": {
        "loc": {
          "start": { "line": 14, "column": 6 },
          "end": { "line": 14, "column": 55 }
        },
        "type": "binary-expr",
        "locations": [
          {
            "start": { "line": 14, "column": 6 },
            "end": { "line": 14, "column": 13 }
          },
          {
            "start": { "line": 14, "column": 13 },
            "end": { "line": 14, "column": 40 }
          },
          {
            "start": { "line": 14, "column": 40 },
            "end": { "line": 14, "column": 55 }
          }
        ],
        "line": 14
      },
      "2": {
        "loc": {
          "start": { "line": 16, "column": 4 },
          "end": { "line": 18, "column": null }
        },
        "type": "if",
        "locations": [
          {
            "start": { "line": 16, "column": 4 },
            "end": { "line": 18, "column": null }
          },
          { "start": {}, "end": {} }
        ],
        "line": 16
      },
      "3": {
        "loc": {
          "start": { "line": 20, "column": 2 },
          "end": { "line": 22, "column": null }
        },
        "type": "if",
        "locations": [
          {
            "start": { "line": 20, "column": 2 },
            "end": { "line": 22, "column": null }
          },
          { "start": {}, "end": {} }
        ],
        "line": 20
      }
    },
    "s": { "0": 1, "1": 8, "2": 4, "3": 4, "4": 3, "5": 5, "6": 2, "7": 3 },
    "f": { "0": 8 },
    "b": { "0": [4, 4], "1": [8, 7, 5], "2": [3, 1], "3": [2, 3] },
    "meta": {
      "lastBranch": 4,
      "lastFunction": 1,
      "lastStatement": 8,
      "seen": {
        "s:1:52:11:Infinity": 0,
        "f:13:16:13:36": 0,
        "b:14:2:19:Infinity:undefined:undefined:undefined:undefined": 0,
        "s:14:2:19:Infinity": 1,
        "b:14:6:14:13:14:13:14:40:14:40:14:55": 1,
        "s:15:18:15:Infinity": 2,
        "b:16:4:18:Infinity:undefined:undefined:undefined:undefined": 2,
        "s:16:4:18:Infinity": 3,
        "s:17:6:17:Infinity": 4,
        "b:20:2:22:Infinity:undefined:undefined:undefined:undefined": 3,
        "s:20:2:22:Infinity": 5,
        "s:21:4:21:Infinity": 6,
        "s:23:2:23:Infinity": 7
      },
      "fnNames": {}
    }
  }
}
